<?xml version="1.0" encoding="UTF-8"?>
<testng-results skipped="0" failed="0" ignored="0" total="1" passed="1">
  <reporter-output>
  </reporter-output>
  <suite name="Default suite" duration-ms="44972" started-at="2021-03-04T06:06:33Z" finished-at="2021-03-04T06:07:18Z">
    <groups>
    </groups>
    <test name="Default test" duration-ms="44972" started-at="2021-03-04T06:06:33Z" finished-at="2021-03-04T06:07:18Z">
      <class name="scenarios.Automation_AutomobileInsuranceProcess">
        <test-method status="PASS" signature="startTest(org.testng.ITestContext)[pri:0, instance:[Automation_AutomobileInsuranceProcess passed=0 failed=0 skipped=0]]" name="startTest" is-config="true" duration-ms="5318" started-at="2021-03-04T06:06:33Z" finished-at="2021-03-04T06:06:38Z">
          <params>
            <param index="0">
              <value>
                <![CDATA[org.testng.TestRunner@1bef8781]]>
              </value>
            </param>
          </params>
          <reporter-output>
          </reporter-output>
        </test-method> <!-- startTest -->
        <test-method status="PASS" signature="testScenario()[pri:0, instance:[Automation_AutomobileInsuranceProcess passed=0 failed=0 skipped=0]]" name="testScenario" duration-ms="38168" started-at="2021-03-04T06:06:38Z" finished-at="2021-03-04T06:07:17Z">
          <reporter-output>
          </reporter-output>
        </test-method> <!-- testScenario -->
        <test-method status="PASS" signature="endTest(org.testng.ITestContext)[pri:0, instance:[Automation_AutomobileInsuranceProcess passed=0 failed=0 skipped=0]]" name="endTest" is-config="true" duration-ms="964" started-at="2021-03-04T06:07:17Z" finished-at="2021-03-04T06:07:18Z">
          <params>
            <param index="0">
              <value>
                <![CDATA[org.testng.TestRunner@1bef8781]]>
              </value>
            </param>
          </params>
          <reporter-output>
          </reporter-output>
        </test-method> <!-- endTest -->
      </class> <!-- scenarios.Automation_AutomobileInsuranceProcess -->
    </test> <!-- Default test -->
  </suite> <!-- Default suite -->
</testng-results>
